<?xml version="1.0" encoding="UTF-8"?>
<!-- Generated by org.testng.reporters.JUnitReportReporter -->
<testsuite hostname="Shakil-Khans-MacBook-Pro-3.local" name="elitecareer.framework.tests.SignInPageTest" tests="20" failures="0" timestamp="16 Apr 2015 23:32:00 GMT" time="98.967" errors="0">
  <testcase name="testSignInTitle" time="0.400" classname="elitecareer.framework.tests.SignInPageTest"/>
  <testcase name="testEmailFieldWithWrongEmail" time="3.641" classname="elitecareer.framework.tests.SignInPageTest"/>
  <testcase name="testEmailFieldWithEmptyEmail" time="2.692" classname="elitecareer.framework.tests.SignInPageTest"/>
  <testcase name="testSignInWithCorrectCredentials" time="22.144" classname="elitecareer.framework.tests.SignInPageTest"/>
  <testcase name="testPasswordFieldWithWrongPassword" time="4.374" classname="elitecareer.framework.tests.SignInPageTest"/>
  <testcase name="testPasswordFieldWithEmptyPassword" time="3.080" classname="elitecareer.framework.tests.SignInPageTest"/>
  <testcase name="testSignInWithCorrectCredentials" time="12.006" classname="elitecareer.framework.tests.SignInPageTest"/>
  <testcase name="testPasswordFieldWithWrongPassword" time="3.055" classname="elitecareer.framework.tests.SignInPageTest"/>
  <testcase name="testPasswordFieldWithWrongPassword" time="3.756" classname="elitecareer.framework.tests.SignInPageTest"/>
  <testcase name="testPasswordFieldWithEmptyPassword" time="3.616" classname="elitecareer.framework.tests.SignInPageTest"/>
  <testcase name="testEmailFieldWithEmptyEmail" time="3.218" classname="elitecareer.framework.tests.SignInPageTest"/>
  <testcase name="testPasswordFieldWithWrongPassword" time="5.684" classname="elitecareer.framework.tests.SignInPageTest"/>
  <testcase name="testSignInPageUrl" time="0.286" classname="elitecareer.framework.tests.SignInPageTest"/>
  <testcase name="testSignInWithEmptyCredentials" time="7.178" classname="elitecareer.framework.tests.SignInPageTest"/>
  <testcase name="testPasswordFieldWithEmptyPassword" time="5.387" classname="elitecareer.framework.tests.SignInPageTest"/>
  <testcase name="testPasswordFieldWithEmptyPassword" time="4.356" classname="elitecareer.framework.tests.SignInPageTest"/>
  <testcase name="testEmailFieldWithWrongEmail" time="2.900" classname="elitecareer.framework.tests.SignInPageTest"/>
  <testcase name="testPasswordFieldWithWrongPassword" time="3.118" classname="elitecareer.framework.tests.SignInPageTest"/>
  <testcase name="testSignInPageTitle" time="3.284" classname="elitecareer.framework.tests.SignInPageTest"/>
  <testcase name="testPasswordFieldWithEmptyPassword" time="4.792" classname="elitecareer.framework.tests.SignInPageTest"/>
</testsuite> <!-- elitecareer.framework.tests.SignInPageTest -->
