<?xml version="1.0" encoding="UTF-8"?>
<!-- Generated by org.testng.reporters.JUnitReportReporter -->
<testsuite hostname="Shakil-Khans-MacBook-Pro-3.local" name="elitecareer.framework.tests.UpdatePersonalInformationPageTest" tests="14" failures="0" timestamp="11 Jun 2015 03:11:43 GMT" time="424.766" errors="0">
  <testcase name="testFirstNameFieldUpperBoundary" time="3.755" classname="elitecareer.framework.tests.UpdatePersonalInformationPageTest"/>
  <testcase name="testFirstNameFieldLowerBoundary" time="4.313" classname="elitecareer.framework.tests.UpdatePersonalInformationPageTest"/>
  <testcase name="testLastNameFieldUpperBoundary" time="3.357" classname="elitecareer.framework.tests.UpdatePersonalInformationPageTest"/>
  <testcase name="testDateOfBirthFieldWithInvalidInput" time="2.164" classname="elitecareer.framework.tests.UpdatePersonalInformationPageTest"/>
  <testcase name="testFirstNameFieldBellowLowerBoundary" time="2.806" classname="elitecareer.framework.tests.UpdatePersonalInformationPageTest"/>
  <testcase name="testLastNameFieldLowerBoundary" time="3.332" classname="elitecareer.framework.tests.UpdatePersonalInformationPageTest"/>
  <testcase name="testUpdateWithAllValidData" time="6.701" classname="elitecareer.framework.tests.UpdatePersonalInformationPageTest"/>
  <testcase name="testDateOfBirthFieldWithValidInput" time="385.756" classname="elitecareer.framework.tests.UpdatePersonalInformationPageTest"/>
  <testcase name="testFirstNameFieldAboveUpperBoundary" time="2.326" classname="elitecareer.framework.tests.UpdatePersonalInformationPageTest"/>
  <testcase name="testEditPersonalInformationLink" time="4.793" classname="elitecareer.framework.tests.UpdatePersonalInformationPageTest"/>
  <testcase name="testUpdatePersonalInformationTitle" time="0.484" classname="elitecareer.framework.tests.UpdatePersonalInformationPageTest"/>
  <testcase name="testPageTitle" time="0.528" classname="elitecareer.framework.tests.UpdatePersonalInformationPageTest"/>
  <testcase name="testLastNameFieldAboveUpperBoundary" time="2.064" classname="elitecareer.framework.tests.UpdatePersonalInformationPageTest"/>
  <testcase name="testLastNameFieldBellowLowerBoundary" time="2.387" classname="elitecareer.framework.tests.UpdatePersonalInformationPageTest"/>
</testsuite> <!-- elitecareer.framework.tests.UpdatePersonalInformationPageTest -->
