<?xml version="1.0" encoding="UTF-8"?>
<!-- Generated by org.testng.reporters.JUnitReportReporter -->
<testsuite hostname="Shakil-Khans-MacBook-Pro-3.local" name="elitecareer.framework.tests.UpdatePersonalInformationPageTest" tests="14" failures="0" timestamp="11 Jun 2015 13:20:42 GMT" time="36.391" errors="0">
  <testcase name="testPageTitle" time="0.088" classname="elitecareer.framework.tests.UpdatePersonalInformationPageTest"/>
  <testcase name="testLastNameFieldUpperBoundary" time="2.389" classname="elitecareer.framework.tests.UpdatePersonalInformationPageTest"/>
  <testcase name="testFirstNameFieldAboveUpperBoundary" time="1.818" classname="elitecareer.framework.tests.UpdatePersonalInformationPageTest"/>
  <testcase name="testLastNameFieldLowerBoundary" time="2.371" classname="elitecareer.framework.tests.UpdatePersonalInformationPageTest"/>
  <testcase name="testFirstNameFieldLowerBoundary" time="2.495" classname="elitecareer.framework.tests.UpdatePersonalInformationPageTest"/>
  <testcase name="testLastNameFieldAboveUpperBoundary" time="1.746" classname="elitecareer.framework.tests.UpdatePersonalInformationPageTest"/>
  <testcase name="testUpdateWithAllValidData" time="3.252" classname="elitecareer.framework.tests.UpdatePersonalInformationPageTest"/>
  <testcase name="testDateOfBirthFieldWithInvalidInput" time="1.730" classname="elitecareer.framework.tests.UpdatePersonalInformationPageTest"/>
  <testcase name="testFirstNameFieldUpperBoundary" time="2.385" classname="elitecareer.framework.tests.UpdatePersonalInformationPageTest"/>
  <testcase name="testEditPersonalInformationLink" time="12.484" classname="elitecareer.framework.tests.UpdatePersonalInformationPageTest"/>
  <testcase name="testLastNameFieldBellowLowerBoundary" time="1.554" classname="elitecareer.framework.tests.UpdatePersonalInformationPageTest"/>
  <testcase name="testDateOfBirthFieldWithValidInput" time="1.425" classname="elitecareer.framework.tests.UpdatePersonalInformationPageTest"/>
  <testcase name="testFirstNameFieldBellowLowerBoundary" time="2.473" classname="elitecareer.framework.tests.UpdatePersonalInformationPageTest"/>
  <testcase name="testUpdatePersonalInformationTitle" time="0.181" classname="elitecareer.framework.tests.UpdatePersonalInformationPageTest"/>
</testsuite> <!-- elitecareer.framework.tests.UpdatePersonalInformationPageTest -->
