<?xml version="1.0" encoding="UTF-8"?>
<!-- Generated by org.testng.reporters.JUnitReportReporter -->
<testsuite hostname="ShakilKhansMBP3.home" name="elitecareer.framework.tests.SignInPageTest" tests="20" failures="0" timestamp="28 Feb 2015 00:28:49 GMT" time="55.586" errors="0">
  <testcase name="testEmailFieldWithWrongEmail" time="2.815" classname="elitecareer.framework.tests.SignInPageTest"/>
  <testcase name="testPasswordFieldWithEmptyPassword" time="1.856" classname="elitecareer.framework.tests.SignInPageTest"/>
  <testcase name="testSignInWithCorrectCredentials" time="8.747" classname="elitecareer.framework.tests.SignInPageTest"/>
  <testcase name="testPasswordFieldWithEmptyPassword" time="1.715" classname="elitecareer.framework.tests.SignInPageTest"/>
  <testcase name="testEmailFieldWithEmptyEmail" time="2.883" classname="elitecareer.framework.tests.SignInPageTest"/>
  <testcase name="testPasswordFieldWithEmptyPassword" time="1.814" classname="elitecareer.framework.tests.SignInPageTest"/>
  <testcase name="testSignInWithEmptyCredentials" time="1.539" classname="elitecareer.framework.tests.SignInPageTest"/>
  <testcase name="testSignInPageUrl" time="0.170" classname="elitecareer.framework.tests.SignInPageTest"/>
  <testcase name="testPasswordFieldWithEmptyPassword" time="1.965" classname="elitecareer.framework.tests.SignInPageTest"/>
  <testcase name="testEmailFieldWithEmptyEmail" time="2.801" classname="elitecareer.framework.tests.SignInPageTest"/>
  <testcase name="testPasswordFieldWithWrongPassword" time="2.469" classname="elitecareer.framework.tests.SignInPageTest"/>
  <testcase name="testSignInTitle" time="1.696" classname="elitecareer.framework.tests.SignInPageTest"/>
  <testcase name="testSignInPageTitle" time="0.934" classname="elitecareer.framework.tests.SignInPageTest"/>
  <testcase name="testEmailFieldWithWrongEmail" time="5.428" classname="elitecareer.framework.tests.SignInPageTest"/>
  <testcase name="testPasswordFieldWithEmptyPassword" time="1.525" classname="elitecareer.framework.tests.SignInPageTest"/>
  <testcase name="testSignInWithCorrectCredentials" time="6.585" classname="elitecareer.framework.tests.SignInPageTest"/>
  <testcase name="testPasswordFieldWithWrongPassword" time="1.539" classname="elitecareer.framework.tests.SignInPageTest"/>
  <testcase name="testPasswordFieldWithWrongPassword" time="5.832" classname="elitecareer.framework.tests.SignInPageTest"/>
  <testcase name="testPasswordFieldWithWrongPassword" time="1.405" classname="elitecareer.framework.tests.SignInPageTest"/>
  <testcase name="testPasswordFieldWithWrongPassword" time="1.868" classname="elitecareer.framework.tests.SignInPageTest"/>
</testsuite> <!-- elitecareer.framework.tests.SignInPageTest -->
