<?xml version="1.0" encoding="UTF-8"?>
<!-- Generated by org.testng.reporters.JUnitReportReporter -->
<testsuite hostname="Shakil-Khans-MacBook-Pro-3.local" name="elitecareer.framework.tests.UpdatePersonalInformationPageTest" tests="14" failures="0" timestamp="16 Apr 2015 23:32:00 GMT" time="53.030" errors="0">
  <testcase name="testLastNameFieldBellowLowerBoundary" time="2.886" classname="elitecareer.framework.tests.UpdatePersonalInformationPageTest"/>
  <testcase name="testLastNameFieldLowerBoundary" time="3.350" classname="elitecareer.framework.tests.UpdatePersonalInformationPageTest"/>
  <testcase name="testLastNameFieldAboveUpperBoundary" time="18.214" classname="elitecareer.framework.tests.UpdatePersonalInformationPageTest"/>
  <testcase name="testDateOfBirthFieldWithValidInput" time="2.198" classname="elitecareer.framework.tests.UpdatePersonalInformationPageTest"/>
  <testcase name="testUpdatePersonalInformationTitle" time="0.161" classname="elitecareer.framework.tests.UpdatePersonalInformationPageTest"/>
  <testcase name="testDateOfBirthFieldWithInvalidInput" time="3.268" classname="elitecareer.framework.tests.UpdatePersonalInformationPageTest"/>
  <testcase name="testFirstNameFieldAboveUpperBoundary" time="2.120" classname="elitecareer.framework.tests.UpdatePersonalInformationPageTest"/>
  <testcase name="testUpdateWithAllValidData" time="3.785" classname="elitecareer.framework.tests.UpdatePersonalInformationPageTest"/>
  <testcase name="testFirstNameFieldLowerBoundary" time="3.243" classname="elitecareer.framework.tests.UpdatePersonalInformationPageTest"/>
  <testcase name="testPageTitle" time="0.257" classname="elitecareer.framework.tests.UpdatePersonalInformationPageTest"/>
  <testcase name="testEditPersonalInformationLink" time="4.121" classname="elitecareer.framework.tests.UpdatePersonalInformationPageTest"/>
  <testcase name="testFirstNameFieldBellowLowerBoundary" time="1.574" classname="elitecareer.framework.tests.UpdatePersonalInformationPageTest"/>
  <testcase name="testLastNameFieldUpperBoundary" time="3.383" classname="elitecareer.framework.tests.UpdatePersonalInformationPageTest"/>
  <testcase name="testFirstNameFieldUpperBoundary" time="4.470" classname="elitecareer.framework.tests.UpdatePersonalInformationPageTest"/>
</testsuite> <!-- elitecareer.framework.tests.UpdatePersonalInformationPageTest -->
