<?xml version="1.0" encoding="UTF-8"?>
<!-- Generated by org.testng.reporters.JUnitReportReporter -->
<testsuite hostname="Shakil-Khans-MacBook-Pro-3.local" name="elitecareer.framework.tests.JobseekerProfilePageTest" tests="3" failures="0" timestamp="11 Jun 2015 13:20:42 GMT" time="14.100" errors="0">
  <testcase name="testProfilePageLink" time="0.081" classname="elitecareer.framework.tests.JobseekerProfilePageTest"/>
  <testcase name="testJobseekerProfileTitle" time="13.859" classname="elitecareer.framework.tests.JobseekerProfilePageTest"/>
  <testcase name="testProfileMenuTitle" time="0.160" classname="elitecareer.framework.tests.JobseekerProfilePageTest"/>
</testsuite> <!-- elitecareer.framework.tests.JobseekerProfilePageTest -->
