<?xml version="1.0" encoding="UTF-8"?>
<!-- Generated by org.testng.reporters.JUnitReportReporter -->
<testsuite hostname="Shakil-Khans-MacBook-Pro-3.local" name="elitecareer.framework.tests.SignInPageTest" tests="20" failures="0" timestamp="11 Jun 2015 13:20:42 GMT" time="85.851" errors="0">
  <testcase name="testEmailFieldWithWrongEmail" time="2.710" classname="elitecareer.framework.tests.SignInPageTest"/>
  <testcase name="testPasswordFieldWithEmptyPassword" time="2.111" classname="elitecareer.framework.tests.SignInPageTest"/>
  <testcase name="testSignInPageUrl" time="0.124" classname="elitecareer.framework.tests.SignInPageTest"/>
  <testcase name="testPasswordFieldWithWrongPassword" time="2.236" classname="elitecareer.framework.tests.SignInPageTest"/>
  <testcase name="testPasswordFieldWithEmptyPassword" time="2.395" classname="elitecareer.framework.tests.SignInPageTest"/>
  <testcase name="testPasswordFieldWithEmptyPassword" time="4.743" classname="elitecareer.framework.tests.SignInPageTest"/>
  <testcase name="testPasswordFieldWithWrongPassword" time="2.775" classname="elitecareer.framework.tests.SignInPageTest"/>
  <testcase name="testSignInWithCorrectCredentials" time="9.955" classname="elitecareer.framework.tests.SignInPageTest"/>
  <testcase name="testPasswordFieldWithEmptyPassword" time="2.357" classname="elitecareer.framework.tests.SignInPageTest"/>
  <testcase name="testPasswordFieldWithEmptyPassword" time="2.225" classname="elitecareer.framework.tests.SignInPageTest"/>
  <testcase name="testEmailFieldWithEmptyEmail" time="2.195" classname="elitecareer.framework.tests.SignInPageTest"/>
  <testcase name="testSignInWithCorrectCredentials" time="23.344" classname="elitecareer.framework.tests.SignInPageTest"/>
  <testcase name="testSignInWithEmptyCredentials" time="10.852" classname="elitecareer.framework.tests.SignInPageTest"/>
  <testcase name="testPasswordFieldWithWrongPassword" time="3.140" classname="elitecareer.framework.tests.SignInPageTest"/>
  <testcase name="testPasswordFieldWithWrongPassword" time="2.200" classname="elitecareer.framework.tests.SignInPageTest"/>
  <testcase name="testEmailFieldWithWrongEmail" time="2.697" classname="elitecareer.framework.tests.SignInPageTest"/>
  <testcase name="testEmailFieldWithEmptyEmail" time="2.260" classname="elitecareer.framework.tests.SignInPageTest"/>
  <testcase name="testSignInPageTitle" time="4.806" classname="elitecareer.framework.tests.SignInPageTest"/>
  <testcase name="testSignInTitle" time="0.257" classname="elitecareer.framework.tests.SignInPageTest"/>
  <testcase name="testPasswordFieldWithWrongPassword" time="2.469" classname="elitecareer.framework.tests.SignInPageTest"/>
</testsuite> <!-- elitecareer.framework.tests.SignInPageTest -->
