<?xml version="1.0" encoding="UTF-8"?>
<!-- Generated by org.testng.reporters.JUnitReportReporter -->
<testsuite hostname="ShakilKhansMBP3.home" name="elitecareer.framework.tests.JobseekerProfilePageTest" tests="3" failures="0" timestamp="28 Feb 2015 00:28:49 GMT" time="12.512" errors="0">
  <testcase name="testJobseekerProfileTitle" time="12.444" classname="elitecareer.framework.tests.JobseekerProfilePageTest"/>
  <testcase name="testProfileMenuTitle" time="0.031" classname="elitecareer.framework.tests.JobseekerProfilePageTest"/>
  <testcase name="testProfilePageLink" time="0.037" classname="elitecareer.framework.tests.JobseekerProfilePageTest"/>
</testsuite> <!-- elitecareer.framework.tests.JobseekerProfilePageTest -->
