<?xml version="1.0" encoding="UTF-8"?>
<!-- Generated by org.testng.reporters.JUnitReportReporter -->
<testsuite hostname="Shakil-Khans-MacBook-Pro-3.local" name="elitecareer.framework.tests.RegisterPageTest" tests="24" failures="0" timestamp="16 Apr 2015 23:32:00 GMT" time="286.991" errors="0">
  <testcase name="testPhoneNoFieldBellowLowerBoundary" time="8.097" classname="elitecareer.framework.tests.RegisterPageTest"/>
  <testcase name="testPhoneNoFieldAboveUpperBoundary" time="12.554" classname="elitecareer.framework.tests.RegisterPageTest"/>
  <testcase name="testPhoneNoFieldUpperBoundary" time="22.127" classname="elitecareer.framework.tests.RegisterPageTest"/>
  <testcase name="testLastNameFieldLowerBoundary" time="6.098" classname="elitecareer.framework.tests.RegisterPageTest"/>
  <testcase name="testRegisterPageUrl" time="0.208" classname="elitecareer.framework.tests.RegisterPageTest"/>
  <testcase name="testLastNameFieldBellowLowerBoundary" time="4.263" classname="elitecareer.framework.tests.RegisterPageTest"/>
  <testcase name="testPasswordFieldAboveUpperBoundary" time="3.922" classname="elitecareer.framework.tests.RegisterPageTest"/>
  <testcase name="testLastNameFieldUpperBoundary" time="5.416" classname="elitecareer.framework.tests.RegisterPageTest"/>
  <testcase name="testRegisterPageTitle" time="4.358" classname="elitecareer.framework.tests.RegisterPageTest"/>
  <testcase name="testPasswordFieldLowerBoundary" time="8.786" classname="elitecareer.framework.tests.RegisterPageTest"/>
  <testcase name="testPasswordFieldBellowLowerBoundary" time="7.400" classname="elitecareer.framework.tests.RegisterPageTest"/>
  <testcase name="testFirstNameFieldBellowLowerBoundary" time="4.255" classname="elitecareer.framework.tests.RegisterPageTest"/>
  <testcase name="testPasswordFieldUpperBoundary" time="7.047" classname="elitecareer.framework.tests.RegisterPageTest"/>
  <testcase name="testFirstNameFieldAboveUpperBoundary" time="4.238" classname="elitecareer.framework.tests.RegisterPageTest"/>
  <testcase name="testPasswordAndConfirmPasswordFieldsIfDoNotMatch" time="115.847" classname="elitecareer.framework.tests.RegisterPageTest"/>
  <testcase name="testRegisterTitle" time="0.503" classname="elitecareer.framework.tests.RegisterPageTest"/>
  <testcase name="testEmailFieldIfAlreadyRegistered" time="5.147" classname="elitecareer.framework.tests.RegisterPageTest"/>
  <testcase name="testLastNameFieldAboveUpperBoundary" time="5.204" classname="elitecareer.framework.tests.RegisterPageTest"/>
  <testcase name="testPhoneNoFieldLowerBoundary" time="16.643" classname="elitecareer.framework.tests.RegisterPageTest"/>
  <testcase name="testDateOfBirthFieldWithValidInput" time="3.391" classname="elitecareer.framework.tests.RegisterPageTest"/>
  <testcase name="testFirstNameFieldUpperBoundary" time="6.528" classname="elitecareer.framework.tests.RegisterPageTest"/>
  <testcase name="testFirstNameFieldLowerBoundary" time="9.356" classname="elitecareer.framework.tests.RegisterPageTest"/>
  <testcase name="testDateOfBirthFieldWithInvalidInput" time="3.666" classname="elitecareer.framework.tests.RegisterPageTest"/>
  <testcase name="testEmptyFormSublission" time="21.937" classname="elitecareer.framework.tests.RegisterPageTest"/>
</testsuite> <!-- elitecareer.framework.tests.RegisterPageTest -->
