<?xml version="1.0" encoding="UTF-8"?>
<!-- Generated by org.testng.reporters.JUnitReportReporter -->
<testsuite hostname="Shakil-Khans-MacBook-Pro-3.local" name="elitecareer.framework.tests.JobseekerProfilePageTest" tests="3" failures="0" timestamp="11 Jun 2015 03:11:43 GMT" time="19.845" errors="0">
  <testcase name="testProfileMenuTitle" time="0.303" classname="elitecareer.framework.tests.JobseekerProfilePageTest"/>
  <testcase name="testJobseekerProfileTitle" time="19.439" classname="elitecareer.framework.tests.JobseekerProfilePageTest"/>
  <testcase name="testProfilePageLink" time="0.103" classname="elitecareer.framework.tests.JobseekerProfilePageTest"/>
</testsuite> <!-- elitecareer.framework.tests.JobseekerProfilePageTest -->
