<?xml version="1.0" encoding="UTF-8"?>
<!-- Generated by org.testng.reporters.JUnitReportReporter -->
<testsuite hostname="Shakil-Khans-MacBook-Pro-3.local" name="elitecareer.framework.tests.JobseekerProfilePageTest" tests="3" failures="0" timestamp="16 Apr 2015 23:32:00 GMT" time="32.497" errors="0">
  <testcase name="testJobseekerProfileTitle" time="31.959" classname="elitecareer.framework.tests.JobseekerProfilePageTest"/>
  <testcase name="testProfilePageLink" time="0.202" classname="elitecareer.framework.tests.JobseekerProfilePageTest"/>
  <testcase name="testProfileMenuTitle" time="0.336" classname="elitecareer.framework.tests.JobseekerProfilePageTest"/>
</testsuite> <!-- elitecareer.framework.tests.JobseekerProfilePageTest -->
