<?xml version="1.0" encoding="UTF-8"?>
<!-- Generated by org.testng.reporters.JUnitReportReporter -->
<testsuite hostname="Shakil-Khans-MacBook-Pro-3.local" name="elitecareer.framework.tests.RegisterPageTest" tests="24" failures="0" timestamp="11 Jun 2015 03:11:43 GMT" time="251.077" errors="0">
  <testcase name="testPasswordFieldUpperBoundary" time="5.692" classname="elitecareer.framework.tests.RegisterPageTest"/>
  <testcase name="testEmailFieldIfAlreadyRegistered" time="4.055" classname="elitecareer.framework.tests.RegisterPageTest"/>
  <testcase name="testDateOfBirthFieldWithInvalidInput" time="5.194" classname="elitecareer.framework.tests.RegisterPageTest"/>
  <testcase name="testPasswordAndConfirmPasswordFieldsIfDoNotMatch" time="4.854" classname="elitecareer.framework.tests.RegisterPageTest"/>
  <testcase name="testFirstNameFieldLowerBoundary" time="11.328" classname="elitecareer.framework.tests.RegisterPageTest"/>
  <testcase name="testPasswordFieldLowerBoundary" time="6.202" classname="elitecareer.framework.tests.RegisterPageTest"/>
  <testcase name="testDateOfBirthFieldWithValidInput" time="3.757" classname="elitecareer.framework.tests.RegisterPageTest"/>
  <testcase name="testLastNameFieldUpperBoundary" time="9.932" classname="elitecareer.framework.tests.RegisterPageTest"/>
  <testcase name="testEmptyFormSublission" time="35.828" classname="elitecareer.framework.tests.RegisterPageTest"/>
  <testcase name="testPasswordFieldAboveUpperBoundary" time="3.958" classname="elitecareer.framework.tests.RegisterPageTest"/>
  <testcase name="testPhoneNoFieldAboveUpperBoundary" time="3.760" classname="elitecareer.framework.tests.RegisterPageTest"/>
  <testcase name="testPhoneNoFieldUpperBoundary" time="7.043" classname="elitecareer.framework.tests.RegisterPageTest"/>
  <testcase name="testFirstNameFieldBellowLowerBoundary" time="11.251" classname="elitecareer.framework.tests.RegisterPageTest"/>
  <testcase name="testFirstNameFieldAboveUpperBoundary" time="10.976" classname="elitecareer.framework.tests.RegisterPageTest"/>
  <testcase name="testLastNameFieldBellowLowerBoundary" time="5.741" classname="elitecareer.framework.tests.RegisterPageTest"/>
  <testcase name="testLastNameFieldAboveUpperBoundary" time="55.141" classname="elitecareer.framework.tests.RegisterPageTest"/>
  <testcase name="testLastNameFieldLowerBoundary" time="23.077" classname="elitecareer.framework.tests.RegisterPageTest"/>
  <testcase name="testRegisterPageTitle" time="7.259" classname="elitecareer.framework.tests.RegisterPageTest"/>
  <testcase name="testRegisterTitle" time="0.233" classname="elitecareer.framework.tests.RegisterPageTest"/>
  <testcase name="testFirstNameFieldUpperBoundary" time="9.585" classname="elitecareer.framework.tests.RegisterPageTest"/>
  <testcase name="testPhoneNoFieldLowerBoundary" time="8.039" classname="elitecareer.framework.tests.RegisterPageTest"/>
  <testcase name="testPhoneNoFieldBellowLowerBoundary" time="12.936" classname="elitecareer.framework.tests.RegisterPageTest"/>
  <testcase name="testRegisterPageUrl" time="0.461" classname="elitecareer.framework.tests.RegisterPageTest"/>
  <testcase name="testPasswordFieldBellowLowerBoundary" time="4.775" classname="elitecareer.framework.tests.RegisterPageTest"/>
</testsuite> <!-- elitecareer.framework.tests.RegisterPageTest -->
