<?xml version="1.0" encoding="UTF-8"?>
<!-- Generated by org.testng.reporters.JUnitReportReporter -->
<testsuite hostname="Shakil-Khans-MacBook-Pro-3.local" name="elitecareer.framework.tests.SignInPageTest" tests="20" failures="0" timestamp="11 Jun 2015 03:11:43 GMT" time="70.664" errors="0">
  <testcase name="testPasswordFieldWithWrongPassword" time="4.802" classname="elitecareer.framework.tests.SignInPageTest"/>
  <testcase name="testPasswordFieldWithWrongPassword" time="3.916" classname="elitecareer.framework.tests.SignInPageTest"/>
  <testcase name="testSignInPageTitle" time="1.449" classname="elitecareer.framework.tests.SignInPageTest"/>
  <testcase name="testPasswordFieldWithEmptyPassword" time="4.653" classname="elitecareer.framework.tests.SignInPageTest"/>
  <testcase name="testPasswordFieldWithWrongPassword" time="4.110" classname="elitecareer.framework.tests.SignInPageTest"/>
  <testcase name="testPasswordFieldWithEmptyPassword" time="2.709" classname="elitecareer.framework.tests.SignInPageTest"/>
  <testcase name="testPasswordFieldWithWrongPassword" time="3.254" classname="elitecareer.framework.tests.SignInPageTest"/>
  <testcase name="testSignInWithCorrectCredentials" time="4.346" classname="elitecareer.framework.tests.SignInPageTest"/>
  <testcase name="testPasswordFieldWithEmptyPassword" time="3.939" classname="elitecareer.framework.tests.SignInPageTest"/>
  <testcase name="testSignInWithEmptyCredentials" time="5.392" classname="elitecareer.framework.tests.SignInPageTest"/>
  <testcase name="testEmailFieldWithEmptyEmail" time="3.652" classname="elitecareer.framework.tests.SignInPageTest"/>
  <testcase name="testEmailFieldWithEmptyEmail" time="4.019" classname="elitecareer.framework.tests.SignInPageTest"/>
  <testcase name="testSignInWithCorrectCredentials" time="5.754" classname="elitecareer.framework.tests.SignInPageTest"/>
  <testcase name="testPasswordFieldWithWrongPassword" time="2.873" classname="elitecareer.framework.tests.SignInPageTest"/>
  <testcase name="testSignInPageUrl" time="0.407" classname="elitecareer.framework.tests.SignInPageTest"/>
  <testcase name="testPasswordFieldWithEmptyPassword" time="4.913" classname="elitecareer.framework.tests.SignInPageTest"/>
  <testcase name="testSignInTitle" time="0.321" classname="elitecareer.framework.tests.SignInPageTest"/>
  <testcase name="testEmailFieldWithWrongEmail" time="3.173" classname="elitecareer.framework.tests.SignInPageTest"/>
  <testcase name="testPasswordFieldWithEmptyPassword" time="3.906" classname="elitecareer.framework.tests.SignInPageTest"/>
  <testcase name="testEmailFieldWithWrongEmail" time="3.076" classname="elitecareer.framework.tests.SignInPageTest"/>
</testsuite> <!-- elitecareer.framework.tests.SignInPageTest -->
