<?xml version="1.0" encoding="UTF-8"?>
<!-- Generated by org.testng.reporters.JUnitReportReporter -->
<testsuite hostname="ShakilKhansMBP3.home" name="elitecareer.framework.tests.HomePageTest" tests="6" failures="0" timestamp="28 Feb 2015 00:28:49 GMT" time="1.140" errors="0">
  <testcase name="testHomePageTitle" time="0.059" classname="elitecareer.framework.tests.HomePageTest"/>
  <testcase name="testJobSearchTitle" time="0.430" classname="elitecareer.framework.tests.HomePageTest"/>
  <testcase name="testLinkedInPageTitle" time="0.360" classname="elitecareer.framework.tests.HomePageTest"/>
  <testcase name="testNewJobsTitle" time="0.081" classname="elitecareer.framework.tests.HomePageTest"/>
  <testcase name="testHomePageUrl" time="0.117" classname="elitecareer.framework.tests.HomePageTest"/>
  <testcase name="testFacebookPageTitle" time="0.093" classname="elitecareer.framework.tests.HomePageTest"/>
</testsuite> <!-- elitecareer.framework.tests.HomePageTest -->
